C51 COMPILER V9.01   MAIN                                                                  04/04/2019 11:23:51 PAGE 1   


C51 COMPILER V9.01, COMPILATION OF MODULE MAIN
OBJECT MODULE PLACED IN .\obj\main.obj
COMPILER INVOKED BY: C:\Keil\C51\BIN\C51.EXE main.c BROWSE INCDIR(..\T5L) DEBUG OBJECTEXTEND OBJECT(.\obj\main.obj)

line level    source

   1          #include "t5los8051.h"
   2          #include "sys.h"
   3          
   4          
   5          
   6          
   7          
   8          
   9          
  10          int main(void)
  11          {   
  12   1          INIT_CPU();
  13   1          T2_Init();
  14   1          EA=1;
  15   1              while(1)
  16   1              {   
  17   2              P1_1=!P1_1;
  18   2              delay_ms(1000);
  19   2              }
  20   1      }
  21          
  22          
  23          
  24          
  25          
  26          
  27          
  28          
  29          
  30          
  31          
  32          
  33          
  34          
  35          
  36          
  37          
  38          
  39          


MODULE INFORMATION:   STATIC OVERLAYABLE
   CODE SIZE        =     19    ----
   CONSTANT SIZE    =   ----    ----
   XDATA SIZE       =   ----    ----
   PDATA SIZE       =   ----    ----
   DATA SIZE        =   ----    ----
   IDATA SIZE       =   ----    ----
   BIT SIZE         =   ----    ----
END OF MODULE INFORMATION.


C51 COMPILATION COMPLETE.  0 WARNING(S),  0 ERROR(S)
